CRITICAL - 2023-03-16 15:58:57 --> Invalid file: "template/footer/pdp.php"
in SYSTEMPATH\Exceptions\FrameworkException.php on line 33.
 1 SYSTEMPATH\View\View.php(201): CodeIgniter\Exceptions\FrameworkException::forInvalidFile('template/footer/pdp.php')
 2 SYSTEMPATH\Common.php(1177): CodeIgniter\View\View->render('template/footer/pdp', [], true)
 3 APPPATH\Controllers\Home.php(29): view('template/footer/pdp')
 4 SYSTEMPATH\CodeIgniter.php(934): App\Controllers\Home->index()
 5 SYSTEMPATH\CodeIgniter.php(499): CodeIgniter\CodeIgniter->runController(Object(App\Controllers\Home))
 6 SYSTEMPATH\CodeIgniter.php(368): CodeIgniter\CodeIgniter->handleRequest(null, Object(Config\Cache), false)
 7 FCPATH\index.php(67): CodeIgniter\CodeIgniter->run()
 8 SYSTEMPATH\Commands\Server\rewrite.php(47): require_once('FCPATH\\index.php')
CRITICAL - 2023-03-16 15:59:31 --> Invalid file: "template/footer/pdp.php"
in SYSTEMPATH\Exceptions\FrameworkException.php on line 33.
 1 SYSTEMPATH\View\View.php(201): CodeIgniter\Exceptions\FrameworkException::forInvalidFile('template/footer/pdp.php')
 2 SYSTEMPATH\Common.php(1177): CodeIgniter\View\View->render('template/footer/pdp', [], true)
 3 APPPATH\Controllers\Home.php(29): view('template/footer/pdp')
 4 SYSTEMPATH\CodeIgniter.php(934): App\Controllers\Home->index()
 5 SYSTEMPATH\CodeIgniter.php(499): CodeIgniter\CodeIgniter->runController(Object(App\Controllers\Home))
 6 SYSTEMPATH\CodeIgniter.php(368): CodeIgniter\CodeIgniter->handleRequest(null, Object(Config\Cache), false)
 7 FCPATH\index.php(67): CodeIgniter\CodeIgniter->run()
 8 SYSTEMPATH\Commands\Server\rewrite.php(47): require_once('FCPATH\\index.php')
